<?xml version="1.0" encoding="UTF-8"?>
<!-- Generated by org.testng.reporters.JUnitXMLReporter -->
<testsuite ignored="0" hostname="LAPTOP-JR17UHLN" failures="0" tests="3" name="multipledemo" time="0.062" errors="0" timestamp="2022-08-25T11:04:32 IST">
  <testcase classname="TestNG.multipleTestCAses" name="logintest" time="0.011"/>
  <testcase classname="TestNG.multipleTestCAses" name="search" time="0.002"/>
  <testcase classname="TestNG.multipleTestCAses" name="logout" time="0.001"/>
</testsuite> <!-- multipledemo -->
