<?xml version="1.0" encoding="UTF-8"?>
<!-- Generated by org.testng.reporters.JUnitXMLReporter -->
<testsuite ignored="0" hostname="LAPTOP-JR17UHLN" failures="0" tests="4" name="OrangeHRM" time="27.186" errors="0" timestamp="2022-08-30T14:00:07 IST">
  <testcase classname="TestNG_Parameters.orangehrm" name="setup" time="3.134"/>
  <testcase classname="TestNG_Parameters.orangehrm" name="launchURL" time="15.2"/>
  <testcase classname="TestNG_Parameters.orangehrm" name="credentials" time="5.229"/>
  <testcase classname="TestNG_Parameters.orangehrm" name="My_Info" time="3.566"/>
</testsuite> <!-- OrangeHRM -->
