<?xml version="1.0" encoding="UTF-8"?>
<!-- Generated by org.testng.reporters.JUnitXMLReporter -->
<testsuite ignored="0" hostname="LAPTOP-JR17UHLN" failures="0" tests="3" name="parameterization" time="20.127" errors="0" timestamp="2022-09-01T16:53:33 IST">
  <testcase classname="TestNG_Parameters.orangehrm" name="setup" time="1.99"/>
  <testcase classname="TestNG_Parameters.orangehrm" name="launching_url" time="14.903"/>
  <testcase classname="TestNG_Parameters.orangehrm" name="login" time="3.17"/>
</testsuite> <!-- parameterization -->
