<?xml version="1.0" encoding="UTF-8"?>
<!-- Generated by org.testng.reporters.JUnitXMLReporter -->
<testsuite ignored="0" hostname="LAPTOP-JR17UHLN" failures="1" tests="1" name="Test" time="0.046" errors="0" timestamp="2022-09-03T09:41:51 IST">
  <testcase classname="Action_Class.dataprovider" name="Login" time="0.014">
    <failure type="org.testng.internal.reflect.MethodMatcherException" message="
[public void Action_Class.dataprovider.Login(java.lang.String,java.lang.String,java.lang.String) throws java.lang.InterruptedException] has no parameters defined but was found to be using a data provider (either explicitly specified or inherited from class level annotation).
Data provider mismatch
Method: Login([java.lang.String arg0, java.lang.String arg1, java.lang.String arg2])
Arguments: [(java.lang.String) standard_user,(java.lang.String) secret_sauce]">
      <![CDATA[org.testng.internal.reflect.MethodMatcherException: 
[public void Action_Class.dataprovider.Login(java.lang.String,java.lang.String,java.lang.String) throws java.lang.InterruptedException] has no parameters defined but was found to be using a data provider (either explicitly specified or inherited from class level annotation).
Data provider mismatch
Method: Login([java.lang.String arg0, java.lang.String arg1, java.lang.String arg2])
Arguments: [(java.lang.String) standard_user,(java.lang.String) secret_sauce]
at java.base/java.util.ArrayList.forEach(ArrayList.java:1511)
... Removed 22 stack frames]]>
    </failure>
  </testcase> <!-- Login -->
</testsuite> <!-- Test -->
