<?xml version="1.0" encoding="UTF-8"?>
<!-- Generated by org.testng.reporters.JUnitXMLReporter -->
<testsuite ignored="0" hostname="LAPTOP-JR17UHLN" failures="0" tests="4" name="Default test" time="0.131" errors="0" timestamp="2022-09-11T17:19:40 IST">
  <testcase classname="cookies.shs" name="so" time="0.017"/>
  <testcase classname="cookies.shs" name="sol" time="0.005"/>
  <testcase classname="cookies.shs" name="solo" time="0.005"/>
  <testcase classname="cookies.shs" name="so2" time="0.005"/>
</testsuite> <!-- Default test -->
