<?xml version="1.0" encoding="UTF-8"?>
<!-- Generated by org.testng.reporters.JUnitXMLReporter -->
<testsuite ignored="2" hostname="LAPTOP-JR17UHLN" failures="1" tests="1" name="Login Test" time="0.01" errors="0" timestamp="2022-08-23T20:31:39 IST">
  <testcase classname="TestNG.OrangeHRM" name="LoginTest" time="0.003">
    <failure type="java.lang.NullPointerException" message="Cannot invoke &amp;quot;org.openqa.selenium.WebDriver.findElement(org.openqa.selenium.By)&amp;quot; because &amp;quot;this.driver&amp;quot; is null">
      <![CDATA[java.lang.NullPointerException: Cannot invoke "org.openqa.selenium.WebDriver.findElement(org.openqa.selenium.By)" because "this.driver" is null
at TestNG.OrangeHRM.LoginTest(OrangeHRM.java:32)
at java.base/java.util.ArrayList.forEach(ArrayList.java:1511)
... Removed 25 stack frames]]>
    </failure>
  </testcase> <!-- LoginTest -->
  <testcase classname="TestNG.OrangeHRM" name="Lanch_Orange_HRM" time="0.0">
    <ignored/>
  </testcase> <!-- Lanch_Orange_HRM -->
  <testcase classname="TestNG.OrangeHRM" name="Edit_Personal_Information" time="0.0">
    <ignored/>
  </testcase> <!-- Edit_Personal_Information -->
</testsuite> <!-- Login Test -->
