<?xml version="1.0" encoding="UTF-8"?>
<testng-results ignored="0" total="4" passed="4" failed="0" skipped="0">
  <reporter-output>
  </reporter-output>
  <suite started-at="2022-09-11T17:19:40 IST" name="Default suite" finished-at="2022-09-11T17:19:40 IST" duration-ms="131">
    <groups>
    </groups>
    <test started-at="2022-09-11T17:19:40 IST" name="Default test" finished-at="2022-09-11T17:19:40 IST" duration-ms="131">
      <class name="cookies.shs">
        <test-method signature="so()[pri:-2, instance:cookies.shs@21b2e768]" started-at="2022-09-11T17:19:40 IST" name="so" finished-at="2022-09-11T17:19:40 IST" duration-ms="17" status="PASS">
          <reporter-output>
          </reporter-output>
        </test-method> <!-- so -->
        <test-method signature="sol()[pri:-1, instance:cookies.shs@21b2e768]" started-at="2022-09-11T17:19:40 IST" name="sol" finished-at="2022-09-11T17:19:40 IST" duration-ms="5" status="PASS">
          <reporter-output>
          </reporter-output>
        </test-method> <!-- sol -->
        <test-method signature="solo()[pri:0, instance:cookies.shs@21b2e768]" started-at="2022-09-11T17:19:40 IST" name="solo" finished-at="2022-09-11T17:19:40 IST" duration-ms="5" status="PASS">
          <reporter-output>
          </reporter-output>
        </test-method> <!-- solo -->
        <test-method signature="so2()[pri:2, instance:cookies.shs@21b2e768]" started-at="2022-09-11T17:19:40 IST" name="so2" finished-at="2022-09-11T17:19:40 IST" duration-ms="5" status="PASS">
          <reporter-output>
          </reporter-output>
        </test-method> <!-- so2 -->
      </class> <!-- cookies.shs -->
    </test> <!-- Default test -->
  </suite> <!-- Default suite -->
</testng-results>
